c:\users\pan\work\tifen\libdash\libdash\intermediate\qtsampleplayer\debugwin32\vc120.pdb
c:\users\pan\work\tifen\libdash\libdash\intermediate\qtsampleplayer\debugwin32\segmentliststream.obj
c:\users\pan\work\tifen\libdash\libdash\intermediate\qtsampleplayer\debugwin32\singlemediasegmentstream.obj
c:\users\pan\work\tifen\libdash\libdash\intermediate\qtsampleplayer\debugwin32\segmenttemplatestream.obj
c:\users\pan\work\tifen\libdash\libdash\intermediate\qtsampleplayer\debugwin32\representationstreamfactory.obj
c:\users\pan\work\tifen\libdash\libdash\intermediate\qtsampleplayer\debugwin32\baseurlresolver.obj
c:\users\pan\work\tifen\libdash\libdash\intermediate\qtsampleplayer\debugwin32\adaptationsetstream.obj
c:\users\pan\work\tifen\libdash\libdash\intermediate\qtsampleplayer\debugwin32\abstractrepresentationstream.obj
c:\users\pan\work\tifen\libdash\libdash\intermediate\qtsampleplayer\debugwin32\manualadaptation.obj
c:\users\pan\work\tifen\libdash\libdash\intermediate\qtsampleplayer\debugwin32\adaptationlogicfactory.obj
c:\users\pan\work\tifen\libdash\libdash\intermediate\qtsampleplayer\debugwin32\abstractadaptationlogic.obj
c:\users\pan\work\tifen\libdash\libdash\intermediate\qtsampleplayer\debugwin32\moc_qtaudiorenderer.obj
c:\users\pan\work\tifen\libdash\libdash\intermediate\qtsampleplayer\debugwin32\moc_idashplayerguiobserver.obj
c:\users\pan\work\tifen\libdash\libdash\intermediate\qtsampleplayer\debugwin32\moc_dashplayer.obj
c:\users\pan\work\tifen\libdash\libdash\intermediate\qtsampleplayer\debugwin32\adaptationsethelper.obj
c:\users\pan\work\tifen\libdash\libdash\intermediate\qtsampleplayer\debugwin32\mediaobjectdecoder.obj
c:\users\pan\work\tifen\libdash\libdash\intermediate\qtsampleplayer\debugwin32\dashreceiver.obj
c:\users\pan\work\tifen\libdash\libdash\intermediate\qtsampleplayer\debugwin32\dashmanager.obj
c:\users\pan\work\tifen\libdash\libdash\intermediate\qtsampleplayer\debugwin32\timingobject.obj
c:\users\pan\work\tifen\libdash\libdash\intermediate\qtsampleplayer\debugwin32\timing.obj
c:\users\pan\work\tifen\libdash\libdash\intermediate\qtsampleplayer\debugwin32\audiochunk.obj
c:\users\pan\work\tifen\libdash\libdash\intermediate\qtsampleplayer\debugwin32\qtglrenderer.obj
c:\users\pan\work\tifen\libdash\libdash\intermediate\qtsampleplayer\debugwin32\multimediamanager.obj
c:\users\pan\work\tifen\libdash\libdash\intermediate\qtsampleplayer\debugwin32\main.obj
c:\users\pan\work\tifen\libdash\libdash\intermediate\qtsampleplayer\debugwin32\multithreading.obj
c:\users\pan\work\tifen\libdash\libdash\intermediate\qtsampleplayer\debugwin32\mediaobjectbuffer.obj
c:\users\pan\work\tifen\libdash\libdash\intermediate\qtsampleplayer\debugwin32\mediaobject.obj
c:\users\pan\work\tifen\libdash\libdash\intermediate\qtsampleplayer\debugwin32\alwayslowestlogic.obj
c:\users\pan\work\tifen\libdash\libdash\intermediate\qtsampleplayer\debugwin32\moc_qtsampleplayergui.obj
c:\users\pan\work\tifen\libdash\libdash\intermediate\qtsampleplayer\debugwin32\moc_qtglrenderer.obj
c:\users\pan\work\tifen\libdash\libdash\intermediate\qtsampleplayer\debugwin32\libavdecoder.obj
c:\users\pan\work\tifen\libdash\libdash\intermediate\qtsampleplayer\debugwin32\multimediastream.obj
c:\users\pan\work\tifen\libdash\libdash\intermediate\qtsampleplayer\debugwin32\qtsampleplayergui.obj
c:\users\pan\work\tifen\libdash\libdash\intermediate\qtsampleplayer\debugwin32\dashplayer.obj
c:\users\pan\work\tifen\libdash\libdash\intermediate\qtsampleplayer\debugwin32\qtaudiorenderer.obj
c:\users\pan\work\tifen\libdash\libdash\intermediate\qtsampleplayer\debugwin32\timeresolver.obj
c:\users\pan\work\tifen\libdash\libdash\intermediate\qtsampleplayer\debugwin32\qrc_qtsampleplayer.obj
c:\users\pan\work\tifen\libdash\libdash\qtsampleplayer\generatedfiles\debug\moc_qtsampleplayergui.cpp
c:\users\pan\work\tifen\libdash\libdash\qtsampleplayer\generatedfiles\ui_qtsampleplayer.h
c:\users\pan\work\tifen\libdash\libdash\qtsampleplayer\generatedfiles\debug\moc_qtaudiorenderer.cpp
c:\users\pan\work\tifen\libdash\libdash\qtsampleplayer\generatedfiles\debug\moc_dashplayer.cpp
c:\users\pan\work\tifen\libdash\libdash\qtsampleplayer\generatedfiles\debug\moc_idashplayerguiobserver.cpp
c:\users\pan\work\tifen\libdash\libdash\qtsampleplayer\generatedfiles\debug\moc_qtglrenderer.cpp
c:\users\pan\work\tifen\libdash\libdash\qtsampleplayer\generatedfiles\qrc_qtsampleplayer.cpp
c:\users\pan\work\tifen\libdash\libdash\bin\qtsampleplayer.ilk
c:\users\pan\work\tifen\libdash\libdash\bin\qtsampleplayer.exe
c:\users\pan\work\tifen\libdash\libdash\bin\qtsampleplayer.pdb
c:\users\pan\work\tifen\sunny-hauki - copy\libdash\libdash\intermediate\qtsampleplayer\debugwin32\abstractadaptationlogic.obj
c:\users\pan\work\tifen\sunny-hauki - copy\libdash\libdash\intermediate\qtsampleplayer\debugwin32\abstractrepresentationstream.obj
c:\users\pan\work\tifen\sunny-hauki - copy\libdash\libdash\intermediate\qtsampleplayer\debugwin32\adaptationlogicfactory.obj
c:\users\pan\work\tifen\sunny-hauki - copy\libdash\libdash\intermediate\qtsampleplayer\debugwin32\adaptationsethelper.obj
c:\users\pan\work\tifen\sunny-hauki - copy\libdash\libdash\intermediate\qtsampleplayer\debugwin32\adaptationsetstream.obj
c:\users\pan\work\tifen\sunny-hauki - copy\libdash\libdash\intermediate\qtsampleplayer\debugwin32\alwayslowestlogic.obj
c:\users\pan\work\tifen\sunny-hauki - copy\libdash\libdash\intermediate\qtsampleplayer\debugwin32\audiochunk.obj
c:\users\pan\work\tifen\sunny-hauki - copy\libdash\libdash\intermediate\qtsampleplayer\debugwin32\baseurlresolver.obj
c:\users\pan\work\tifen\sunny-hauki - copy\libdash\libdash\intermediate\qtsampleplayer\debugwin32\dashmanager.obj
c:\users\pan\work\tifen\sunny-hauki - copy\libdash\libdash\intermediate\qtsampleplayer\debugwin32\dashplayer.obj
c:\users\pan\work\tifen\sunny-hauki - copy\libdash\libdash\intermediate\qtsampleplayer\debugwin32\dashreceiver.obj
c:\users\pan\work\tifen\sunny-hauki - copy\libdash\libdash\intermediate\qtsampleplayer\debugwin32\libavdecoder.obj
c:\users\pan\work\tifen\sunny-hauki - copy\libdash\libdash\intermediate\qtsampleplayer\debugwin32\main.obj
c:\users\pan\work\tifen\sunny-hauki - copy\libdash\libdash\intermediate\qtsampleplayer\debugwin32\manualadaptation.obj
c:\users\pan\work\tifen\sunny-hauki - copy\libdash\libdash\intermediate\qtsampleplayer\debugwin32\mediaobject.obj
c:\users\pan\work\tifen\sunny-hauki - copy\libdash\libdash\intermediate\qtsampleplayer\debugwin32\mediaobjectbuffer.obj
c:\users\pan\work\tifen\sunny-hauki - copy\libdash\libdash\intermediate\qtsampleplayer\debugwin32\mediaobjectdecoder.obj
c:\users\pan\work\tifen\sunny-hauki - copy\libdash\libdash\intermediate\qtsampleplayer\debugwin32\moc_dashplayer.obj
c:\users\pan\work\tifen\sunny-hauki - copy\libdash\libdash\intermediate\qtsampleplayer\debugwin32\moc_idashplayerguiobserver.obj
c:\users\pan\work\tifen\sunny-hauki - copy\libdash\libdash\intermediate\qtsampleplayer\debugwin32\moc_qtaudiorenderer.obj
c:\users\pan\work\tifen\sunny-hauki - copy\libdash\libdash\intermediate\qtsampleplayer\debugwin32\moc_qtglrenderer.obj
c:\users\pan\work\tifen\sunny-hauki - copy\libdash\libdash\intermediate\qtsampleplayer\debugwin32\moc_qtsampleplayergui.obj
c:\users\pan\work\tifen\sunny-hauki - copy\libdash\libdash\intermediate\qtsampleplayer\debugwin32\multimediamanager.obj
c:\users\pan\work\tifen\sunny-hauki - copy\libdash\libdash\intermediate\qtsampleplayer\debugwin32\multimediastream.obj
c:\users\pan\work\tifen\sunny-hauki - copy\libdash\libdash\intermediate\qtsampleplayer\debugwin32\multithreading.obj
c:\users\pan\work\tifen\sunny-hauki - copy\libdash\libdash\intermediate\qtsampleplayer\debugwin32\qrc_qtsampleplayer.obj
c:\users\pan\work\tifen\sunny-hauki - copy\libdash\libdash\intermediate\qtsampleplayer\debugwin32\qtaudiorenderer.obj
c:\users\pan\work\tifen\sunny-hauki - copy\libdash\libdash\intermediate\qtsampleplayer\debugwin32\qtglrenderer.obj
c:\users\pan\work\tifen\sunny-hauki - copy\libdash\libdash\intermediate\qtsampleplayer\debugwin32\qtsampleplayergui.obj
c:\users\pan\work\tifen\sunny-hauki - copy\libdash\libdash\intermediate\qtsampleplayer\debugwin32\representationstreamfactory.obj
c:\users\pan\work\tifen\sunny-hauki - copy\libdash\libdash\intermediate\qtsampleplayer\debugwin32\segmentliststream.obj
c:\users\pan\work\tifen\sunny-hauki - copy\libdash\libdash\intermediate\qtsampleplayer\debugwin32\segmenttemplatestream.obj
c:\users\pan\work\tifen\sunny-hauki - copy\libdash\libdash\intermediate\qtsampleplayer\debugwin32\singlemediasegmentstream.obj
c:\users\pan\work\tifen\sunny-hauki - copy\libdash\libdash\intermediate\qtsampleplayer\debugwin32\timeresolver.obj
c:\users\pan\work\tifen\sunny-hauki - copy\libdash\libdash\intermediate\qtsampleplayer\debugwin32\timing.obj
c:\users\pan\work\tifen\sunny-hauki - copy\libdash\libdash\intermediate\qtsampleplayer\debugwin32\timingobject.obj
c:\users\pan\work\tifen\sunny-hauki - copy\libdash\libdash\intermediate\qtsampleplayer\debugwin32\vc120.pdb
c:\users\pan\work\tifen\sunny-hauki - copy\libdash\libdash\bin\qtsampleplayer.pdb
c:\users\pan\work\tifen\sunny-hauki - copy\libdash\libdash\bin\qtsampleplayer.exe
c:\users\pan\work\tifen\sunny-hauki - copy\libdash\libdash\bin\qtsampleplayer.ilk
c:\users\pan\work\tifen\sunny-hauki - copy\libdash\libdash\intermediate\qtsampleplayer\debugwin32\qtsampleplayer.tlog\cl.command.1.tlog
c:\users\pan\work\tifen\sunny-hauki - copy\libdash\libdash\intermediate\qtsampleplayer\debugwin32\qtsampleplayer.tlog\cl.read.1.tlog
c:\users\pan\work\tifen\sunny-hauki - copy\libdash\libdash\intermediate\qtsampleplayer\debugwin32\qtsampleplayer.tlog\cl.write.1.tlog
c:\users\pan\work\tifen\sunny-hauki - copy\libdash\libdash\intermediate\qtsampleplayer\debugwin32\qtsampleplayer.tlog\custombuild.command.1.tlog
c:\users\pan\work\tifen\sunny-hauki - copy\libdash\libdash\intermediate\qtsampleplayer\debugwin32\qtsampleplayer.tlog\custombuild.read.1.tlog
c:\users\pan\work\tifen\sunny-hauki - copy\libdash\libdash\intermediate\qtsampleplayer\debugwin32\qtsampleplayer.tlog\custombuild.write.1.tlog
c:\users\pan\work\tifen\sunny-hauki - copy\libdash\libdash\intermediate\qtsampleplayer\debugwin32\qtsampleplayer.tlog\link.command.1.tlog
c:\users\pan\work\tifen\sunny-hauki - copy\libdash\libdash\intermediate\qtsampleplayer\debugwin32\qtsampleplayer.tlog\link.read.1.tlog
c:\users\pan\work\tifen\sunny-hauki - copy\libdash\libdash\intermediate\qtsampleplayer\debugwin32\qtsampleplayer.tlog\link.write.1.tlog
