c:\users\pan\work\tifen\libdash\libdash\intermediate\libdash\debugwin32\vc120.pdb
c:\users\pan\work\tifen\libdash\libdash\intermediate\libdash\debugwin32\vc120.idb
c:\users\pan\work\tifen\libdash\libdash\intermediate\libdash\debugwin32\adaptationset.obj
c:\users\pan\work\tifen\libdash\libdash\intermediate\libdash\debugwin32\dllmain.obj
c:\users\pan\work\tifen\libdash\libdash\intermediate\libdash\debugwin32\libdash.obj
c:\users\pan\work\tifen\libdash\libdash\intermediate\libdash\debugwin32\dashmanager.obj
c:\users\pan\work\tifen\libdash\libdash\intermediate\libdash\debugwin32\mpd.obj
c:\users\pan\work\tifen\libdash\libdash\intermediate\libdash\debugwin32\period.obj
c:\users\pan\work\tifen\libdash\libdash\intermediate\libdash\debugwin32\representation.obj
c:\users\pan\work\tifen\libdash\libdash\intermediate\libdash\debugwin32\segmenttemplate.obj
c:\users\pan\work\tifen\libdash\libdash\intermediate\libdash\debugwin32\segmenttimeline.obj
c:\users\pan\work\tifen\libdash\libdash\intermediate\libdash\debugwin32\segmenturl.obj
c:\users\pan\work\tifen\libdash\libdash\intermediate\libdash\debugwin32\subrepresentation.obj
c:\users\pan\work\tifen\libdash\libdash\intermediate\libdash\debugwin32\subset.obj
c:\users\pan\work\tifen\libdash\libdash\intermediate\libdash\debugwin32\timeline.obj
c:\users\pan\work\tifen\libdash\libdash\intermediate\libdash\debugwin32\urltype.obj
c:\users\pan\work\tifen\libdash\libdash\intermediate\libdash\debugwin32\abstractchunk.obj
c:\users\pan\work\tifen\libdash\libdash\intermediate\libdash\debugwin32\downloadstatemanager.obj
c:\users\pan\work\tifen\libdash\libdash\intermediate\libdash\debugwin32\multithreading.obj
c:\users\pan\work\tifen\libdash\libdash\intermediate\libdash\debugwin32\domhelper.obj
c:\users\pan\work\tifen\libdash\libdash\intermediate\libdash\debugwin32\domparser.obj
c:\users\pan\work\tifen\libdash\libdash\intermediate\libdash\debugwin32\node.obj
c:\users\pan\work\tifen\libdash\libdash\intermediate\libdash\debugwin32\blockstream.obj
c:\users\pan\work\tifen\libdash\libdash\intermediate\libdash\debugwin32\path.obj
c:\users\pan\work\tifen\libdash\libdash\intermediate\libdash\debugwin32\string.obj
c:\users\pan\work\tifen\libdash\libdash\intermediate\libdash\debugwin32\syncedblockstream.obj
c:\users\pan\work\tifen\libdash\libdash\intermediate\libdash\debugwin32\time.obj
c:\users\pan\work\tifen\libdash\libdash\intermediate\libdash\debugwin32\httptransaction.obj
c:\users\pan\work\tifen\libdash\libdash\intermediate\libdash\debugwin32\tcpconnection.obj
c:\users\pan\work\tifen\libdash\libdash\intermediate\libdash\debugwin32\throughputmeasurement.obj
c:\users\pan\work\tifen\libdash\libdash\intermediate\libdash\debugwin32\abstractmpdelement.obj
c:\users\pan\work\tifen\libdash\libdash\intermediate\libdash\debugwin32\baseurl.obj
c:\users\pan\work\tifen\libdash\libdash\intermediate\libdash\debugwin32\contentcomponent.obj
c:\users\pan\work\tifen\libdash\libdash\intermediate\libdash\debugwin32\descriptor.obj
c:\users\pan\work\tifen\libdash\libdash\intermediate\libdash\debugwin32\metrics.obj
c:\users\pan\work\tifen\libdash\libdash\intermediate\libdash\debugwin32\multiplesegmentbase.obj
c:\users\pan\work\tifen\libdash\libdash\intermediate\libdash\debugwin32\programinformation.obj
c:\users\pan\work\tifen\libdash\libdash\intermediate\libdash\debugwin32\range.obj
c:\users\pan\work\tifen\libdash\libdash\intermediate\libdash\debugwin32\representationbase.obj
c:\users\pan\work\tifen\libdash\libdash\intermediate\libdash\debugwin32\segment.obj
c:\users\pan\work\tifen\libdash\libdash\intermediate\libdash\debugwin32\segmentbase.obj
c:\users\pan\work\tifen\libdash\libdash\intermediate\libdash\debugwin32\segmentlist.obj
c:\users\pan\work\tifen\libdash\libdash\bin\libdashd.lib
c:\users\pan\work\tifen\libdash\libdash\bin\libdashd.exp
c:\users\pan\work\tifen\libdash\libdash\bin\libdashd.ilk
c:\users\pan\work\tifen\libdash\libdash\bin\libdashd.dll
c:\users\pan\work\tifen\libdash\libdash\bin\libdashd.pdb
c:\users\pan\work\tifen\sunny-hauki - copy\libdash\libdash\intermediate\libdash\debugwin32\abstractchunk.obj
c:\users\pan\work\tifen\sunny-hauki - copy\libdash\libdash\intermediate\libdash\debugwin32\abstractmpdelement.obj
c:\users\pan\work\tifen\sunny-hauki - copy\libdash\libdash\intermediate\libdash\debugwin32\adaptationset.obj
c:\users\pan\work\tifen\sunny-hauki - copy\libdash\libdash\intermediate\libdash\debugwin32\baseurl.obj
c:\users\pan\work\tifen\sunny-hauki - copy\libdash\libdash\intermediate\libdash\debugwin32\blockstream.obj
c:\users\pan\work\tifen\sunny-hauki - copy\libdash\libdash\intermediate\libdash\debugwin32\contentcomponent.obj
c:\users\pan\work\tifen\sunny-hauki - copy\libdash\libdash\intermediate\libdash\debugwin32\dashmanager.obj
c:\users\pan\work\tifen\sunny-hauki - copy\libdash\libdash\intermediate\libdash\debugwin32\descriptor.obj
c:\users\pan\work\tifen\sunny-hauki - copy\libdash\libdash\intermediate\libdash\debugwin32\dllmain.obj
c:\users\pan\work\tifen\sunny-hauki - copy\libdash\libdash\intermediate\libdash\debugwin32\domhelper.obj
c:\users\pan\work\tifen\sunny-hauki - copy\libdash\libdash\intermediate\libdash\debugwin32\domparser.obj
c:\users\pan\work\tifen\sunny-hauki - copy\libdash\libdash\intermediate\libdash\debugwin32\downloadstatemanager.obj
c:\users\pan\work\tifen\sunny-hauki - copy\libdash\libdash\intermediate\libdash\debugwin32\httptransaction.obj
c:\users\pan\work\tifen\sunny-hauki - copy\libdash\libdash\intermediate\libdash\debugwin32\libdash.obj
c:\users\pan\work\tifen\sunny-hauki - copy\libdash\libdash\intermediate\libdash\debugwin32\metrics.obj
c:\users\pan\work\tifen\sunny-hauki - copy\libdash\libdash\intermediate\libdash\debugwin32\mpd.obj
c:\users\pan\work\tifen\sunny-hauki - copy\libdash\libdash\intermediate\libdash\debugwin32\multiplesegmentbase.obj
c:\users\pan\work\tifen\sunny-hauki - copy\libdash\libdash\intermediate\libdash\debugwin32\multithreading.obj
c:\users\pan\work\tifen\sunny-hauki - copy\libdash\libdash\intermediate\libdash\debugwin32\node.obj
c:\users\pan\work\tifen\sunny-hauki - copy\libdash\libdash\intermediate\libdash\debugwin32\path.obj
c:\users\pan\work\tifen\sunny-hauki - copy\libdash\libdash\intermediate\libdash\debugwin32\period.obj
c:\users\pan\work\tifen\sunny-hauki - copy\libdash\libdash\intermediate\libdash\debugwin32\programinformation.obj
c:\users\pan\work\tifen\sunny-hauki - copy\libdash\libdash\intermediate\libdash\debugwin32\range.obj
c:\users\pan\work\tifen\sunny-hauki - copy\libdash\libdash\intermediate\libdash\debugwin32\representation.obj
c:\users\pan\work\tifen\sunny-hauki - copy\libdash\libdash\intermediate\libdash\debugwin32\representationbase.obj
c:\users\pan\work\tifen\sunny-hauki - copy\libdash\libdash\intermediate\libdash\debugwin32\segment.obj
c:\users\pan\work\tifen\sunny-hauki - copy\libdash\libdash\intermediate\libdash\debugwin32\segmentbase.obj
c:\users\pan\work\tifen\sunny-hauki - copy\libdash\libdash\intermediate\libdash\debugwin32\segmentlist.obj
c:\users\pan\work\tifen\sunny-hauki - copy\libdash\libdash\intermediate\libdash\debugwin32\segmenttemplate.obj
c:\users\pan\work\tifen\sunny-hauki - copy\libdash\libdash\intermediate\libdash\debugwin32\segmenttimeline.obj
c:\users\pan\work\tifen\sunny-hauki - copy\libdash\libdash\intermediate\libdash\debugwin32\segmenturl.obj
c:\users\pan\work\tifen\sunny-hauki - copy\libdash\libdash\intermediate\libdash\debugwin32\string.obj
c:\users\pan\work\tifen\sunny-hauki - copy\libdash\libdash\intermediate\libdash\debugwin32\subrepresentation.obj
c:\users\pan\work\tifen\sunny-hauki - copy\libdash\libdash\intermediate\libdash\debugwin32\subset.obj
c:\users\pan\work\tifen\sunny-hauki - copy\libdash\libdash\intermediate\libdash\debugwin32\syncedblockstream.obj
c:\users\pan\work\tifen\sunny-hauki - copy\libdash\libdash\intermediate\libdash\debugwin32\tcpconnection.obj
c:\users\pan\work\tifen\sunny-hauki - copy\libdash\libdash\intermediate\libdash\debugwin32\throughputmeasurement.obj
c:\users\pan\work\tifen\sunny-hauki - copy\libdash\libdash\intermediate\libdash\debugwin32\time.obj
c:\users\pan\work\tifen\sunny-hauki - copy\libdash\libdash\intermediate\libdash\debugwin32\timeline.obj
c:\users\pan\work\tifen\sunny-hauki - copy\libdash\libdash\intermediate\libdash\debugwin32\urltype.obj
c:\users\pan\work\tifen\sunny-hauki - copy\libdash\libdash\intermediate\libdash\debugwin32\vc120.idb
c:\users\pan\work\tifen\sunny-hauki - copy\libdash\libdash\intermediate\libdash\debugwin32\vc120.pdb
c:\users\pan\work\tifen\sunny-hauki - copy\libdash\libdash\bin\libdashd.pdb
c:\users\pan\work\tifen\sunny-hauki - copy\libdash\libdash\bin\libdashd.dll
c:\users\pan\work\tifen\sunny-hauki - copy\libdash\libdash\bin\libdashd.ilk
c:\users\pan\work\tifen\sunny-hauki - copy\libdash\libdash\intermediate\libdash\debugwin32\libdash.tlog\cl.command.1.tlog
c:\users\pan\work\tifen\sunny-hauki - copy\libdash\libdash\intermediate\libdash\debugwin32\libdash.tlog\cl.read.1.tlog
c:\users\pan\work\tifen\sunny-hauki - copy\libdash\libdash\intermediate\libdash\debugwin32\libdash.tlog\cl.write.1.tlog
c:\users\pan\work\tifen\sunny-hauki - copy\libdash\libdash\intermediate\libdash\debugwin32\libdash.tlog\libdash.write.1u.tlog
c:\users\pan\work\tifen\sunny-hauki - copy\libdash\libdash\intermediate\libdash\debugwin32\libdash.tlog\link.command.1.tlog
c:\users\pan\work\tifen\sunny-hauki - copy\libdash\libdash\intermediate\libdash\debugwin32\libdash.tlog\link.read.1.tlog
c:\users\pan\work\tifen\sunny-hauki - copy\libdash\libdash\intermediate\libdash\debugwin32\libdash.tlog\link.write.1.tlog
